<?xml version="1.0" encoding="UTF-8"?>
<testsuite xmlns:xsi="http://www.w3.org/2001/XMLSchema-instance" xsi:noNamespaceSchemaLocation="https://maven.apache.org/surefire/maven-surefire-plugin/xsd/surefire-test-report.xsd" name="com.testrunner.Adactin_Test_Runner" time="79.266" tests="37" errors="0" skipped="0" failures="0">
  <properties>
[...]
</properties>
  <testcase name="Given user Launch The Appilication" classname="| A | 123 |" time="0.022"/>
  <testcase name="When user Enter The &quot;A&quot; In Username Field" classname="| A | 123 |" time="0"/>
  <testcase name="And user Enter The &quot;123&quot; In Password Field" classname="| A | 123 |" time="0"/>
  <testcase name="Then user Click On The Login Button And It Navigate to The Search Hotel Page" classname="| A | 123 |" time="0"/>
  <testcase name="| A | 123 |" classname="| A | 123 |" time="0.009"/>
  <testcase name="Given user Launch The Appilication" classname="| karteeng | 13990T |" time="0.001"/>
  <testcase name="When user Enter The &quot;karteeng&quot; In Username Field" classname="| karteeng | 13990T |" time="0"/>
  <testcase name="And user Enter The &quot;13990T&quot; In Password Field" classname="| karteeng | 13990T |" time="0"/>
  <testcase name="Then user Click On The Login Button And It Navigate to The Search Hotel Page" classname="| karteeng | 13990T |" time="0"/>
  <testcase name="| karteeng | 13990T |" classname="| karteeng | 13990T |" time="0"/>
  <testcase name="When user Select The &quot;Sydney&quot;" classname="Scenario: Search Hotel" time="0"/>
  <testcase name="And user Select The Hotels" classname="Scenario: Search Hotel" time="0"/>
  <testcase name="And user Select The Room Type" classname="Scenario: Search Hotel" time="0"/>
  <testcase name="And user Select The No Of Rooms" classname="Scenario: Search Hotel" time="0"/>
  <testcase name="And user Enter The Check in Date" classname="Scenario: Search Hotel" time="0"/>
  <testcase name="And user Enter The Check Out Date" classname="Scenario: Search Hotel" time="0"/>
  <testcase name="And user Select The Adults Per Room" classname="Scenario: Search Hotel" time="0"/>
  <testcase name="And user Select The Childs Per Room" classname="Scenario: Search Hotel" time="0"/>
  <testcase name="Then user Click The Search Button And It Navigate To The Select Hotel Page" classname="Scenario: Search Hotel" time="0"/>
  <testcase name="Scenario: Search Hotel" classname="Scenario: Search Hotel" time="0"/>
  <testcase name="When clck The Select Button" classname="Scenario: Select Hotel" time="0"/>
  <testcase name="Then user Click The Continue Button And it Navigate To The Book A Hotel Page" classname="Scenario: Select Hotel" time="0"/>
  <testcase name="Scenario: Select Hotel" classname="Scenario: Select Hotel" time="0"/>
  <testcase name="When user Enter The First Name In First Name Field" classname="Scenario: Book A Hotel" time="0"/>
  <testcase name="And user Enter The Last Name In Last Name Field" classname="Scenario: Book A Hotel" time="0"/>
  <testcase name="And user Enter The Billing Address In Biling Address Field" classname="Scenario: Book A Hotel" time="0"/>
  <testcase name="And user Enter The Credit Card Number In Credit Card Number Field" classname="Scenario: Book A Hotel" time="0"/>
  <testcase name="And user Select The Card Type" classname="Scenario: Book A Hotel" time="0"/>
  <testcase name="And user Select The Expiry Month" classname="Scenario: Book A Hotel" time="0"/>
  <testcase name="And user Select The Expiry Year" classname="Scenario: Book A Hotel" time="0"/>
  <testcase name="And user Enter CVV Number In The CVV &quot;123&quot;" classname="Scenario: Book A Hotel" time="0"/>
  <testcase name="Then user click The Book Now Button And it Naviagate To The Booking Confirmation Page" classname="Scenario: Book A Hotel" time="0"/>
  <testcase name="Scenario: Book A Hotel" classname="Scenario: Book A Hotel" time="0"/>
  <testcase name="Then user Click On The My ltinerary Button And It Navigate To the Booking Itinaray Page" classname="Scenario: Booking Confirmation" time="0"/>
  <testcase name="Scenario: Booking Confirmation" classname="Scenario: Booking Confirmation" time="0.006"/>
  <testcase name="Then user Click On The Logout Button and It Naviagate To The Logout Page" classname="Scenario: Booked Itinerary" time="0"/>
  <testcase name="Scenario: Booked Itinerary" classname="Scenario: Booked Itinerary" time="0.002"/>
</testsuite>